 plgrid/libs/jpeg-turbo/1.3.0 loaded.
 plgrid/tools/gcc/4.9.2 loaded.
 plgrid/apps/cuda/7.5 loaded.
 plgrid/tools/openmpi/1.10.0-gnu-4.9.2-ib-cuda loaded.
 plgrid/libs/boost/1.59.0 loaded.
 plgrid/libs/libpng/1.5.10 loaded.
 plgrid/apps/povray/3.7.0 loaded.
povray: cannot open the user configuration file /people/plgmamajews/.povray/3.7/povray.conf: No such file or directory
Persistence of Vision(tm) Ray Tracer Version 3.7.0.unofficial (g++ 4.9.2 @
 x86_64-unknown-linux-gnu)
This is an unofficial version compiled by:
 Maciej Czuchry <helpdesk@plgrid.pl>
 The POV-Ray Team is not responsible for supporting this version.

POV-Ray is based on DKBTrace 2.12 by David K. Buck & Aaron A. Collins
Copyright 1991-2013 Persistence of Vision Raytracer Pty. Ltd.

Primary POV-Ray 3.7 Architects/Developers: (Alphabetically)
  Chris Cason         Thorsten Froehlich  Christoph Lipka   

With Assistance From: (Alphabetically)
  Nicolas Calimet     Jerome Grimbert     James Holsenback    Christoph Hormann 
  Nathan Kopp         Juha Nieminen     

Past Contributors: (Alphabetically)
  Steve Anger         Eric Barish         Dieter Bayer        David K. Buck     
  Nicolas Calimet     Chris Cason         Aaron A. Collins    Chris Dailey      
  Steve Demlow        Andreas Dilger      Alexander Enzmann   Dan Farmer        
  Thorsten Froehlich  Mark Gordon         James Holsenback    Christoph Hormann 
  Mike Hough          Chris Huff          Kari Kivisalo       Nathan Kopp       
  Lutz Kretzschmar    Christoph Lipka     Jochen Lippert      Pascal Massimino  
  Jim McElhiney       Douglas Muir        Juha Nieminen       Ron Parker        
  Bill Pulver         Eduard Schwan       Wlodzimierz Skiba   Robert Skinner    
  Yvo Smellenbergh    Zsolt Szalavari     Scott Taylor        Massimo Valentini 
  Timothy Wegner      Drew Wells          Chris Young       

Other contributors are listed in the documentation.

Support libraries used by POV-Ray:
  ZLib 1.2.3, Copyright 1995-2012 Jean-loup Gailly and Mark Adler
  LibPNG 1.5.10, Copyright 1998-2012 Glenn Randers-Pehrson
  LibJPEG 80, Copyright 1991-2013 Thomas G. Lane, Guido Vollbeding
  LibTIFF 3.9.4, Copyright 1988-1997 Sam Leffler, 1991-1997 SGI
  Boost 1.59, http://www.boost.org/

Most likely detected an unquoted string with spaces in INI file. Assuming string ends at the of the line.
Make sure all strings with spaces are properly quoted in the INI file.
Use either " or ' to quote strings. For details, please check the user manual!
Most likely detected an unquoted string with spaces in INI file. Assuming string ends at the of the line.
Make sure all strings with spaces are properly quoted in the INI file.
Use either " or ' to quote strings. For details, please check the user manual!
Rendering frame 1 of 11

Rendering frame 1 of 11



Parser Options
  Input file: animation_a_.pov
  Remove bounds........On 
  Split unions.........Off
  Library paths:
    /software/local/el6/COMMON/povray/3.7.1/share/povray-3.7
    /software/local/el6/COMMON/povray/3.7.1/share/povray-3.7/ini
    /software/local/el6/COMMON/povray/3.7.1/share/povray-3.7/include
Animation Options
  Initial Frame:        1  Final Frame:      100
  Frame Step:           1
  Initial Clock:    0.000  Final Clock:    1.000
  Cyclic Animation.....On   Field render.........Off  Odd lines/frames.....Off
Image Output Options
  Image resolution.....800 by 600 (rows 1 to 600, columns 1 to 800).
  Output file..........animation_a_010.png, 24 bpp PNG
  Dithering............Off
  Graphic display......On  (gamma: 1.8)
  Mosaic preview.......Off
  Continued trace......Off
Information Output Options
  All Streams to console..........On 
  Debug Stream to console.........On 
  Fatal Stream to console.........On 
  Render Stream to console........On 
  Statistics Stream to console....On 
  Warning Stream to console.......On 
==== [Parsing...] ==========================================================
File 'animation_a_.pov' line 157: Possible Parse Error: Cannot find file
 'Rocker_0.inc', even after trying to append file type extension.
File 'animation_a_.pov' line 157: Parse Error: Cannot open include file
 Rocker_0.inc.
Fatal error in parser: Cannot parse input.
Render failed

